{"/home/em/dev/ee/related/index.js":{"path":"/home/em/dev/ee/related/index.js","s":{"1":1},"b":{},"f":{},"fnMap":{},"statementMap":{"1":{"start":{"line":4,"column":1},"end":{"line":4,"column":44}}},"branchMap":{}},"/home/em/dev/ee/related/src/Database.js":{"path":"/home/em/dev/ee/related/src/Database.js","s":{"1":1,"2":1,"3":1,"4":1,"5":1,"6":1,"7":1,"8":1,"9":1,"10":17,"11":14,"12":1,"13":14,"14":13,"15":15,"16":15,"17":15,"18":15,"19":15,"20":15,"21":14,"22":0,"23":14,"24":14,"25":14,"26":14,"27":70,"28":70,"29":70,"30":70,"31":70,"32":14,"33":15,"34":13,"35":2,"36":2,"37":2,"38":2,"39":1,"40":1,"41":1,"42":1,"43":2},"b":{"1":[14,3],"2":[1,13],"3":[13,1],"4":[0,14],"5":[70,0],"6":[13,2],"7":[2,1],"8":[1,1],"9":[1,1]},"f":{"1":1,"2":17,"3":15,"4":15,"5":14,"6":15,"7":2,"8":2},"fnMap":{"1":{"name":"(anonymous_1)","line":1,"loc":{"start":{"line":1,"column":1},"end":{"line":1,"column":12}}},"2":{"name":"(anonymous_2)","line":51,"loc":{"start":{"line":51,"column":16},"end":{"line":51,"column":34}}},"3":{"name":"(anonymous_3)","line":79,"loc":{"start":{"line":79,"column":16},"end":{"line":79,"column":37}}},"4":{"name":"(anonymous_4)","line":113,"loc":{"start":{"line":113,"column":18},"end":{"line":113,"column":29}}},"5":{"name":"(anonymous_5)","line":160,"loc":{"start":{"line":160,"column":22},"end":{"line":160,"column":33}}},"6":{"name":"(anonymous_6)","line":203,"loc":{"start":{"line":203,"column":22},"end":{"line":203,"column":39}}},"7":{"name":"(anonymous_7)","line":241,"loc":{"start":{"line":241,"column":29},"end":{"line":241,"column":48}}},"8":{"name":"(anonymous_8)","line":273,"loc":{"start":{"line":273,"column":15},"end":{"line":273,"column":36}}}},"statementMap":{"1":{"start":{"line":1,"column":0},"end":{"line":277,"column":5}},"2":{"start":{"line":5,"column":4},"end":{"line":5,"column":42}},"3":{"start":{"line":6,"column":4},"end":{"line":6,"column":42}},"4":{"start":{"line":7,"column":4},"end":{"line":7,"column":40}},"5":{"start":{"line":8,"column":4},"end":{"line":8,"column":51}},"6":{"start":{"line":11,"column":4},"end":{"line":11,"column":42}},"7":{"start":{"line":12,"column":4},"end":{"line":12,"column":42}},"8":{"start":{"line":13,"column":4},"end":{"line":13,"column":47}},"9":{"start":{"line":20,"column":4},"end":{"line":276,"column":7}},"10":{"start":{"line":53,"column":12},"end":{"line":58,"column":13}},"11":{"start":{"line":56,"column":16},"end":{"line":56,"column":92}},"12":{"start":{"line":56,"column":37},"end":{"line":56,"column":92}},"13":{"start":{"line":57,"column":16},"end":{"line":57,"column":108}},"14":{"start":{"line":57,"column":45},"end":{"line":57,"column":108}},"15":{"start":{"line":82,"column":12},"end":{"line":82,"column":73}},"16":{"start":{"line":87,"column":12},"end":{"line":93,"column":15}},"17":{"start":{"line":92,"column":16},"end":{"line":92,"column":37}},"18":{"start":{"line":114,"column":12},"end":{"line":114,"column":58}},"19":{"start":{"line":119,"column":12},"end":{"line":119,"column":73}},"20":{"start":{"line":124,"column":12},"end":{"line":140,"column":14}},"21":{"start":{"line":127,"column":16},"end":{"line":135,"column":17}},"22":{"start":{"line":127,"column":49},"end":{"line":127,"column":147}},"23":{"start":{"line":131,"column":20},"end":{"line":131,"column":100}},"24":{"start":{"line":134,"column":20},"end":{"line":134,"column":45}},"25":{"start":{"line":139,"column":16},"end":{"line":139,"column":45}},"26":{"start":{"line":163,"column":12},"end":{"line":177,"column":13}},"27":{"start":{"line":164,"column":16},"end":{"line":164,"column":65}},"28":{"start":{"line":166,"column":16},"end":{"line":169,"column":19}},"29":{"start":{"line":172,"column":16},"end":{"line":172,"column":55}},"30":{"start":{"line":176,"column":16},"end":{"line":176,"column":80}},"31":{"start":{"line":176,"column":54},"end":{"line":176,"column":80}},"32":{"start":{"line":180,"column":12},"end":{"line":180,"column":37}},"33":{"start":{"line":204,"column":12},"end":{"line":219,"column":13}},"34":{"start":{"line":204,"column":31},"end":{"line":204,"column":69}},"35":{"start":{"line":210,"column":16},"end":{"line":210,"column":63}},"36":{"start":{"line":214,"column":16},"end":{"line":214,"column":74}},"37":{"start":{"line":218,"column":16},"end":{"line":218,"column":44}},"38":{"start":{"line":242,"column":12},"end":{"line":255,"column":13}},"39":{"start":{"line":242,"column":32},"end":{"line":242,"column":127}},"40":{"start":{"line":246,"column":16},"end":{"line":254,"column":19}},"41":{"start":{"line":249,"column":20},"end":{"line":253,"column":23}},"42":{"start":{"line":252,"column":24},"end":{"line":252,"column":82}},"43":{"start":{"line":274,"column":12},"end":{"line":274,"column":90}}},"branchMap":{"1":{"line":53,"type":"if","locations":[{"start":{"line":53,"column":12},"end":{"line":53,"column":12}},{"start":{"line":53,"column":12},"end":{"line":53,"column":12}}]},"2":{"line":56,"type":"if","locations":[{"start":{"line":56,"column":16},"end":{"line":56,"column":16}},{"start":{"line":56,"column":16},"end":{"line":56,"column":16}}]},"3":{"line":57,"type":"if","locations":[{"start":{"line":57,"column":16},"end":{"line":57,"column":16}},{"start":{"line":57,"column":16},"end":{"line":57,"column":16}}]},"4":{"line":127,"type":"if","locations":[{"start":{"line":127,"column":16},"end":{"line":127,"column":16}},{"start":{"line":127,"column":16},"end":{"line":127,"column":16}}]},"5":{"line":176,"type":"if","locations":[{"start":{"line":176,"column":16},"end":{"line":176,"column":16}},{"start":{"line":176,"column":16},"end":{"line":176,"column":16}}]},"6":{"line":204,"type":"if","locations":[{"start":{"line":204,"column":12},"end":{"line":204,"column":12}},{"start":{"line":204,"column":12},"end":{"line":204,"column":12}}]},"7":{"line":210,"type":"binary-expr","locations":[{"start":{"line":210,"column":35},"end":{"line":210,"column":48}},{"start":{"line":210,"column":52},"end":{"line":210,"column":59}}]},"8":{"line":242,"type":"if","locations":[{"start":{"line":242,"column":12},"end":{"line":242,"column":12}},{"start":{"line":242,"column":12},"end":{"line":242,"column":12}}]},"9":{"line":274,"type":"cond-expr","locations":[{"start":{"line":274,"column":52},"end":{"line":274,"column":82}},{"start":{"line":274,"column":85},"end":{"line":274,"column":89}}]}}},"/home/em/dev/ee/related/src/Config.js":{"path":"/home/em/dev/ee/related/src/Config.js","s":{"1":1,"2":1,"3":1,"4":1,"5":1,"6":15,"7":0,"8":15,"9":0,"10":15,"11":1,"12":15,"13":1,"14":1,"15":0,"16":1,"17":1,"18":1,"19":1,"20":1,"21":1,"22":1,"23":0,"24":0,"25":1,"26":1},"b":{"1":[0,15],"2":[0,15],"3":[1,1],"4":[15,0],"5":[0,1],"6":[0,0],"7":[0,0],"8":[0,0,0,0],"9":[0,0,0,0],"10":[0,0],"11":[0,0]},"f":{"1":1,"2":15,"3":1,"4":15,"5":1,"6":1,"7":1},"fnMap":{"1":{"name":"(anonymous_1)","line":1,"loc":{"start":{"line":1,"column":1},"end":{"line":1,"column":12}}},"2":{"name":"(anonymous_2)","line":25,"loc":{"start":{"line":25,"column":16},"end":{"line":25,"column":37}}},"3":{"name":"(anonymous_3)","line":51,"loc":{"start":{"line":51,"column":25},"end":{"line":51,"column":36}}},"4":{"name":"(anonymous_4)","line":71,"loc":{"start":{"line":71,"column":25},"end":{"line":71,"column":36}}},"5":{"name":"(anonymous_5)","line":91,"loc":{"start":{"line":91,"column":20},"end":{"line":91,"column":31}}},"6":{"name":"(anonymous_6)","line":120,"loc":{"start":{"line":120,"column":17},"end":{"line":120,"column":28}}},"7":{"name":"(anonymous_7)","line":150,"loc":{"start":{"line":150,"column":41},"end":{"line":150,"column":52}}}},"statementMap":{"1":{"start":{"line":1,"column":0},"end":{"line":157,"column":5}},"2":{"start":{"line":5,"column":4},"end":{"line":5,"column":42}},"3":{"start":{"line":6,"column":4},"end":{"line":6,"column":42}},"4":{"start":{"line":7,"column":4},"end":{"line":7,"column":40}},"5":{"start":{"line":14,"column":4},"end":{"line":156,"column":7}},"6":{"start":{"line":28,"column":12},"end":{"line":28,"column":88}},"7":{"start":{"line":28,"column":42},"end":{"line":28,"column":88}},"8":{"start":{"line":29,"column":12},"end":{"line":29,"column":112}},"9":{"start":{"line":29,"column":47},"end":{"line":29,"column":112}},"10":{"start":{"line":32,"column":12},"end":{"line":32,"column":41}},"11":{"start":{"line":52,"column":12},"end":{"line":52,"column":54}},"12":{"start":{"line":72,"column":12},"end":{"line":72,"column":70}},"13":{"start":{"line":92,"column":12},"end":{"line":92,"column":27}},"14":{"start":{"line":94,"column":12},"end":{"line":94,"column":60}},"15":{"start":{"line":94,"column":43},"end":{"line":94,"column":60}},"16":{"start":{"line":96,"column":12},"end":{"line":96,"column":25}},"17":{"start":{"line":123,"column":12},"end":{"line":154,"column":17}},"18":{"start":{"line":124,"column":16},"end":{"line":124,"column":32}},"19":{"start":{"line":125,"column":16},"end":{"line":125,"column":52}},"20":{"start":{"line":126,"column":16},"end":{"line":126,"column":46}},"21":{"start":{"line":128,"column":16},"end":{"line":153,"column":18}},"22":{"start":{"line":130,"column":24},"end":{"line":148,"column":49}},"23":{"start":{"line":131,"column":28},"end":{"line":131,"column":54}},"24":{"start":{"line":133,"column":28},"end":{"line":146,"column":30}},"25":{"start":{"line":148,"column":29},"end":{"line":148,"column":49}},"26":{"start":{"line":151,"column":24},"end":{"line":151,"column":36}}},"branchMap":{"1":{"line":28,"type":"if","locations":[{"start":{"line":28,"column":12},"end":{"line":28,"column":12}},{"start":{"line":28,"column":12},"end":{"line":28,"column":12}}]},"2":{"line":29,"type":"if","locations":[{"start":{"line":29,"column":12},"end":{"line":29,"column":12}},{"start":{"line":29,"column":12},"end":{"line":29,"column":12}}]},"3":{"line":52,"type":"binary-expr","locations":[{"start":{"line":52,"column":19},"end":{"line":52,"column":39}},{"start":{"line":52,"column":43},"end":{"line":52,"column":53}}]},"4":{"line":72,"type":"binary-expr","locations":[{"start":{"line":72,"column":19},"end":{"line":72,"column":41}},{"start":{"line":72,"column":45},"end":{"line":72,"column":69}}]},"5":{"line":130,"type":"if","locations":[{"start":{"line":130,"column":24},"end":{"line":130,"column":24}},{"start":{"line":130,"column":24},"end":{"line":130,"column":24}}]},"6":{"line":137,"type":"binary-expr","locations":[{"start":{"line":137,"column":50},"end":{"line":137,"column":61}},{"start":{"line":137,"column":65},"end":{"line":137,"column":75}}]},"7":{"line":138,"type":"binary-expr","locations":[{"start":{"line":138,"column":50},"end":{"line":138,"column":60}},{"start":{"line":138,"column":64},"end":{"line":138,"column":81}}]},"8":{"line":139,"type":"binary-expr","locations":[{"start":{"line":139,"column":50},"end":{"line":139,"column":59}},{"start":{"line":139,"column":63},"end":{"line":139,"column":76}},{"start":{"line":139,"column":80},"end":{"line":139,"column":91}},{"start":{"line":139,"column":95},"end":{"line":139,"column":110}}]},"9":{"line":140,"type":"binary-expr","locations":[{"start":{"line":140,"column":50},"end":{"line":140,"column":59}},{"start":{"line":140,"column":63},"end":{"line":140,"column":76}},{"start":{"line":140,"column":80},"end":{"line":140,"column":91}},{"start":{"line":140,"column":95},"end":{"line":140,"column":110}}]},"10":{"line":142,"type":"binary-expr","locations":[{"start":{"line":142,"column":50},"end":{"line":142,"column":59}},{"start":{"line":142,"column":63},"end":{"line":142,"column":74}}]},"11":{"line":143,"type":"binary-expr","locations":[{"start":{"line":143,"column":50},"end":{"line":143,"column":58}},{"start":{"line":143,"column":62},"end":{"line":143,"column":82}}]}}},"/home/em/dev/ee/related/src/Entity.js":{"path":"/home/em/dev/ee/related/src/Entity.js","s":{"1":1,"2":1,"3":1,"4":1,"5":1,"6":1,"7":1,"8":70,"9":70,"10":70,"11":70,"12":70,"13":11,"14":11,"15":10,"16":11,"17":11,"18":0,"19":70,"20":0,"21":70,"22":70},"b":{"1":[11,0]},"f":{"1":1,"2":70,"3":11,"4":0,"5":0,"6":0,"7":0,"8":70,"9":70},"fnMap":{"1":{"name":"(anonymous_1)","line":1,"loc":{"start":{"line":1,"column":1},"end":{"line":1,"column":12}}},"2":{"name":"(anonymous_2)","line":24,"loc":{"start":{"line":24,"column":14},"end":{"line":24,"column":32}}},"3":{"name":"(anonymous_3)","line":38,"loc":{"start":{"line":38,"column":30},"end":{"line":38,"column":41}}},"4":{"name":"(anonymous_4)","line":75,"loc":{"start":{"line":75,"column":31},"end":{"line":75,"column":59}}},"5":{"name":"(anonymous_5)","line":82,"loc":{"start":{"line":82,"column":29},"end":{"line":82,"column":59}}},"6":{"name":"(anonymous_6)","line":89,"loc":{"start":{"line":89,"column":33},"end":{"line":89,"column":63}}},"7":{"name":"(anonymous_7)","line":97,"loc":{"start":{"line":97,"column":15},"end":{"line":97,"column":35}}},"8":{"name":"(anonymous_8)","line":113,"loc":{"start":{"line":113,"column":30},"end":{"line":113,"column":41}}},"9":{"name":"(anonymous_9)","line":130,"loc":{"start":{"line":130,"column":23},"end":{"line":130,"column":34}}}},"statementMap":{"1":{"start":{"line":1,"column":0},"end":{"line":138,"column":5}},"2":{"start":{"line":5,"column":4},"end":{"line":5,"column":42}},"3":{"start":{"line":6,"column":4},"end":{"line":6,"column":42}},"4":{"start":{"line":7,"column":4},"end":{"line":7,"column":40}},"5":{"start":{"line":10,"column":4},"end":{"line":10,"column":67}},"6":{"start":{"line":11,"column":4},"end":{"line":11,"column":35}},"7":{"start":{"line":17,"column":4},"end":{"line":137,"column":7}},"8":{"start":{"line":27,"column":12},"end":{"line":27,"column":68}},"9":{"start":{"line":28,"column":12},"end":{"line":28,"column":72}},"10":{"start":{"line":32,"column":12},"end":{"line":32,"column":43}},"11":{"start":{"line":33,"column":12},"end":{"line":33,"column":57}},"12":{"start":{"line":38,"column":12},"end":{"line":63,"column":14}},"13":{"start":{"line":42,"column":16},"end":{"line":42,"column":30}},"14":{"start":{"line":43,"column":16},"end":{"line":43,"column":89}},"15":{"start":{"line":43,"column":65},"end":{"line":43,"column":89}},"16":{"start":{"line":46,"column":16},"end":{"line":62,"column":17}},"17":{"start":{"line":51,"column":20},"end":{"line":53,"column":23}},"18":{"start":{"line":59,"column":20},"end":{"line":61,"column":23}},"19":{"start":{"line":66,"column":12},"end":{"line":66,"column":31}},"20":{"start":{"line":98,"column":12},"end":{"line":98,"column":39}},"21":{"start":{"line":114,"column":12},"end":{"line":117,"column":15}},"22":{"start":{"line":131,"column":12},"end":{"line":135,"column":15}}},"branchMap":{"1":{"line":46,"type":"if","locations":[{"start":{"line":46,"column":16},"end":{"line":46,"column":16}},{"start":{"line":46,"column":16},"end":{"line":46,"column":16}}]}}},"/home/em/dev/ee/related/src/QueryBuilderGenerator.js":{"path":"/home/em/dev/ee/related/src/QueryBuilderGenerator.js","s":{"1":1,"2":1,"3":1,"4":1,"5":1,"6":70,"7":70},"b":{},"f":{"1":1,"2":70},"fnMap":{"1":{"name":"(anonymous_1)","line":1,"loc":{"start":{"line":1,"column":1},"end":{"line":1,"column":12}}},"2":{"name":"(anonymous_2)","line":19,"loc":{"start":{"line":19,"column":14},"end":{"line":19,"column":32}}}},"statementMap":{"1":{"start":{"line":1,"column":0},"end":{"line":28,"column":5}},"2":{"start":{"line":5,"column":4},"end":{"line":5,"column":42}},"3":{"start":{"line":6,"column":4},"end":{"line":6,"column":42}},"4":{"start":{"line":7,"column":4},"end":{"line":7,"column":40}},"5":{"start":{"line":13,"column":4},"end":{"line":27,"column":7}},"6":{"start":{"line":22,"column":12},"end":{"line":22,"column":68}},"7":{"start":{"line":23,"column":12},"end":{"line":23,"column":74}}},"branchMap":{}},"/home/em/dev/ee/related/src/Model.js":{"path":"/home/em/dev/ee/related/src/Model.js","s":{"1":1,"2":1,"3":1,"4":1,"5":1,"6":1,"7":1,"8":70,"9":70,"10":11,"11":11,"12":11,"13":11,"14":11,"15":70,"16":28,"17":1,"18":1,"19":1,"20":1,"21":1,"22":70,"23":84,"24":0,"25":0,"26":0,"27":0,"28":0,"29":70,"30":0,"31":70,"32":70},"b":{"1":[1,0],"2":[1,0],"3":[0,0],"4":[0,0],"5":[0,70]},"f":{"1":1,"2":70,"3":11,"4":1,"5":0},"fnMap":{"1":{"name":"(anonymous_1)","line":1,"loc":{"start":{"line":1,"column":1},"end":{"line":1,"column":12}}},"2":{"name":"(anonymous_2)","line":27,"loc":{"start":{"line":27,"column":21},"end":{"line":27,"column":39}}},"3":{"name":"init","line":51,"loc":{"start":{"line":51,"column":20},"end":{"line":51,"column":36}}},"4":{"name":"(anonymous_4)","line":83,"loc":{"start":{"line":83,"column":21},"end":{"line":83,"column":32}}},"5":{"name":"(anonymous_5)","line":97,"loc":{"start":{"line":97,"column":21},"end":{"line":97,"column":32}}}},"statementMap":{"1":{"start":{"line":1,"column":0},"end":{"line":122,"column":5}},"2":{"start":{"line":5,"column":4},"end":{"line":5,"column":50}},"3":{"start":{"line":6,"column":4},"end":{"line":6,"column":50}},"4":{"start":{"line":7,"column":4},"end":{"line":7,"column":48}},"5":{"start":{"line":10,"column":4},"end":{"line":10,"column":53}},"6":{"start":{"line":11,"column":4},"end":{"line":11,"column":52}},"7":{"start":{"line":27,"column":4},"end":{"line":121,"column":5}},"8":{"start":{"line":28,"column":8},"end":{"line":28,"column":44}},"9":{"start":{"line":31,"column":8},"end":{"line":74,"column":10}},"10":{"start":{"line":54,"column":16},"end":{"line":54,"column":64}},"11":{"start":{"line":57,"column":16},"end":{"line":57,"column":68}},"12":{"start":{"line":62,"column":16},"end":{"line":62,"column":73}},"13":{"start":{"line":68,"column":16},"end":{"line":68,"column":69}},"14":{"start":{"line":72,"column":16},"end":{"line":72,"column":38}},"15":{"start":{"line":81,"column":8},"end":{"line":90,"column":11}},"16":{"start":{"line":82,"column":12},"end":{"line":89,"column":14}},"17":{"start":{"line":84,"column":20},"end":{"line":84,"column":68}},"18":{"start":{"line":84,"column":41},"end":{"line":84,"column":68}},"19":{"start":{"line":85,"column":20},"end":{"line":85,"column":106}},"20":{"start":{"line":85,"column":58},"end":{"line":85,"column":106}},"21":{"start":{"line":87,"column":20},"end":{"line":87,"column":59}},"22":{"start":{"line":95,"column":8},"end":{"line":104,"column":11}},"23":{"start":{"line":96,"column":12},"end":{"line":103,"column":14}},"24":{"start":{"line":98,"column":20},"end":{"line":98,"column":76}},"25":{"start":{"line":98,"column":45},"end":{"line":98,"column":76}},"26":{"start":{"line":99,"column":20},"end":{"line":99,"column":124}},"27":{"start":{"line":99,"column":67},"end":{"line":99,"column":124}},"28":{"start":{"line":101,"column":20},"end":{"line":101,"column":68}},"29":{"start":{"line":114,"column":8},"end":{"line":115,"column":40}},"30":{"start":{"line":114,"column":31},"end":{"line":114,"column":66}},"31":{"start":{"line":115,"column":13},"end":{"line":115,"column":40}},"32":{"start":{"line":120,"column":8},"end":{"line":120,"column":32}}},"branchMap":{"1":{"line":84,"type":"if","locations":[{"start":{"line":84,"column":20},"end":{"line":84,"column":20}},{"start":{"line":84,"column":20},"end":{"line":84,"column":20}}]},"2":{"line":85,"type":"if","locations":[{"start":{"line":85,"column":20},"end":{"line":85,"column":20}},{"start":{"line":85,"column":20},"end":{"line":85,"column":20}}]},"3":{"line":98,"type":"if","locations":[{"start":{"line":98,"column":20},"end":{"line":98,"column":20}},{"start":{"line":98,"column":20},"end":{"line":98,"column":20}}]},"4":{"line":99,"type":"if","locations":[{"start":{"line":99,"column":20},"end":{"line":99,"column":20}},{"start":{"line":99,"column":20},"end":{"line":99,"column":20}}]},"5":{"line":114,"type":"if","locations":[{"start":{"line":114,"column":8},"end":{"line":114,"column":8}},{"start":{"line":114,"column":8},"end":{"line":114,"column":8}}]}}},"/home/em/dev/ee/related/src/ModelBase.js":{"path":"/home/em/dev/ee/related/src/ModelBase.js","s":{"1":1,"2":1,"3":1,"4":1,"5":1,"6":1,"7":1,"8":1,"9":1,"10":1,"11":0,"12":1,"13":1,"14":1,"15":0,"16":1,"17":0,"18":1,"19":1,"20":0,"21":0,"22":0,"23":0,"24":1,"25":0,"26":1,"27":1,"28":1,"29":1,"30":1,"31":0,"32":0,"33":0,"34":0,"35":0,"36":1,"37":0,"38":0,"39":1,"40":0,"41":0,"42":1,"43":0,"44":1,"45":1,"46":1,"47":0,"48":1,"49":1,"50":1,"51":0,"52":0,"53":0,"54":0,"55":0,"56":0,"57":2,"58":0,"59":2,"60":2,"61":2,"62":2,"63":1,"64":2,"65":7,"66":0,"67":7,"68":3,"69":4,"70":8,"71":3,"72":1,"73":4,"74":0,"75":4,"76":3,"77":1,"78":0,"79":2,"80":0,"81":1,"82":1,"83":1,"84":1,"85":0,"86":0,"87":0,"88":0,"89":0,"90":0,"91":0,"92":0,"93":0,"94":0,"95":0,"96":0,"97":1,"98":1,"99":0,"100":0,"101":1,"102":1,"103":0,"104":0,"105":0,"106":1,"107":1,"108":0,"109":0,"110":0,"111":1,"112":5,"113":5,"114":5,"115":6,"116":6,"117":4,"118":5,"119":5,"120":5,"121":5,"122":0,"123":0,"124":0,"125":0,"126":0},"b":{"1":[0,1],"2":[0,1],"3":[0,1],"4":[1,0],"5":[0,0],"6":[0,1],"7":[0,1],"8":[1,0,0],"9":[0,0],"10":[0,1],"11":[0,1],"12":[0,1],"13":[0,1],"14":[0,0],"15":[0,2],"16":[2,0],"17":[1,1],"18":[0,7],"19":[7,1],"20":[3,4],"21":[4,1],"22":[3,3,1,1,1,1],"23":[0,4],"24":[3,1],"25":[1,2],"26":[0,1],"27":[0,2],"28":[0,1],"29":[0,0],"30":[0,0],"31":[0,0],"32":[0,0],"33":[0,0],"34":[0,0],"35":[0,0],"36":[0,0],"37":[1,0],"38":[1,0],"39":[0,1],"40":[0,1],"41":[0,0],"42":[0,1],"43":[0,0],"44":[5,0],"45":[4,2],"46":[5,0],"47":[0,0]},"f":{"1":1,"2":11,"3":1,"4":1,"5":0,"6":1,"7":1,"8":0,"9":0,"10":0,"11":0,"12":2,"13":7,"14":8,"15":3,"16":1,"17":1,"18":1,"19":1,"20":5,"21":0},"fnMap":{"1":{"name":"(anonymous_1)","line":1,"loc":{"start":{"line":1,"column":1},"end":{"line":1,"column":12}}},"2":{"name":"(anonymous_2)","line":120,"loc":{"start":{"line":120,"column":16},"end":{"line":120,"column":27}}},"3":{"name":"(anonymous_3)","line":146,"loc":{"start":{"line":146,"column":16},"end":{"line":146,"column":35}}},"4":{"name":"(anonymous_4)","line":217,"loc":{"start":{"line":217,"column":25},"end":{"line":217,"column":36}}},"5":{"name":"(anonymous_5)","line":237,"loc":{"start":{"line":237,"column":25},"end":{"line":237,"column":36}}},"6":{"name":"(anonymous_6)","line":259,"loc":{"start":{"line":259,"column":23},"end":{"line":259,"column":34}}},"7":{"name":"(anonymous_7)","line":327,"loc":{"start":{"line":327,"column":26},"end":{"line":327,"column":37}}},"8":{"name":"(anonymous_8)","line":359,"loc":{"start":{"line":359,"column":26},"end":{"line":359,"column":48}}},"9":{"name":"(anonymous_9)","line":382,"loc":{"start":{"line":382,"column":19},"end":{"line":382,"column":38}}},"10":{"name":"(anonymous_10)","line":405,"loc":{"start":{"line":405,"column":17},"end":{"line":405,"column":34}}},"11":{"name":"(anonymous_11)","line":420,"loc":{"start":{"line":420,"column":18},"end":{"line":420,"column":29}}},"12":{"name":"(anonymous_12)","line":442,"loc":{"start":{"line":442,"column":15},"end":{"line":442,"column":43}}},"13":{"name":"(anonymous_13)","line":474,"loc":{"start":{"line":474,"column":15},"end":{"line":474,"column":36}}},"14":{"name":"(anonymous_14)","line":500,"loc":{"start":{"line":500,"column":17},"end":{"line":500,"column":28}}},"15":{"name":"(anonymous_15)","line":524,"loc":{"start":{"line":524,"column":19},"end":{"line":524,"column":30}}},"16":{"name":"(anonymous_16)","line":551,"loc":{"start":{"line":551,"column":26},"end":{"line":551,"column":37}}},"17":{"name":"(anonymous_17)","line":600,"loc":{"start":{"line":600,"column":30},"end":{"line":600,"column":41}}},"18":{"name":"(anonymous_18)","line":659,"loc":{"start":{"line":659,"column":28},"end":{"line":659,"column":39}}},"19":{"name":"(anonymous_19)","line":686,"loc":{"start":{"line":686,"column":32},"end":{"line":686,"column":43}}},"20":{"name":"(anonymous_20)","line":720,"loc":{"start":{"line":720,"column":32},"end":{"line":720,"column":66}}},"21":{"name":"(anonymous_21)","line":771,"loc":{"start":{"line":771,"column":36},"end":{"line":771,"column":77}}}},"statementMap":{"1":{"start":{"line":1,"column":0},"end":{"line":787,"column":5}},"2":{"start":{"line":5,"column":4},"end":{"line":5,"column":50}},"3":{"start":{"line":6,"column":4},"end":{"line":6,"column":50}},"4":{"start":{"line":7,"column":4},"end":{"line":7,"column":48}},"5":{"start":{"line":9,"column":4},"end":{"line":9,"column":61}},"6":{"start":{"line":18,"column":4},"end":{"line":76,"column":7}},"7":{"start":{"line":89,"column":4},"end":{"line":786,"column":7}},"8":{"start":{"line":148,"column":12},"end":{"line":198,"column":15}},"9":{"start":{"line":151,"column":16},"end":{"line":191,"column":33}},"10":{"start":{"line":155,"column":20},"end":{"line":190,"column":21}},"11":{"start":{"line":155,"column":34},"end":{"line":155,"column":44}},"12":{"start":{"line":162,"column":24},"end":{"line":189,"column":27}},"13":{"start":{"line":165,"column":28},"end":{"line":165,"column":59}},"14":{"start":{"line":167,"column":28},"end":{"line":188,"column":29}},"15":{"start":{"line":167,"column":42},"end":{"line":167,"column":52}},"16":{"start":{"line":171,"column":32},"end":{"line":187,"column":33}},"17":{"start":{"line":171,"column":53},"end":{"line":171,"column":97}},"18":{"start":{"line":176,"column":36},"end":{"line":186,"column":39}},"19":{"start":{"line":180,"column":40},"end":{"line":185,"column":43}},"20":{"start":{"line":184,"column":44},"end":{"line":184,"column":88}},"21":{"start":{"line":193,"column":16},"end":{"line":194,"column":50}},"22":{"start":{"line":193,"column":45},"end":{"line":193,"column":66}},"23":{"start":{"line":194,"column":21},"end":{"line":194,"column":50}},"24":{"start":{"line":196,"column":16},"end":{"line":197,"column":48}},"25":{"start":{"line":196,"column":45},"end":{"line":196,"column":59}},"26":{"start":{"line":197,"column":21},"end":{"line":197,"column":48}},"27":{"start":{"line":261,"column":12},"end":{"line":261,"column":30}},"28":{"start":{"line":265,"column":12},"end":{"line":277,"column":15}},"29":{"start":{"line":266,"column":16},"end":{"line":266,"column":52}},"30":{"start":{"line":269,"column":16},"end":{"line":276,"column":17}},"31":{"start":{"line":270,"column":20},"end":{"line":275,"column":23}},"32":{"start":{"line":271,"column":24},"end":{"line":274,"column":27}},"33":{"start":{"line":272,"column":28},"end":{"line":272,"column":65}},"34":{"start":{"line":272,"column":38},"end":{"line":272,"column":65}},"35":{"start":{"line":273,"column":28},"end":{"line":273,"column":53}},"36":{"start":{"line":282,"column":12},"end":{"line":286,"column":13}},"37":{"start":{"line":283,"column":16},"end":{"line":285,"column":19}},"38":{"start":{"line":284,"column":20},"end":{"line":284,"column":85}},"39":{"start":{"line":291,"column":12},"end":{"line":295,"column":13}},"40":{"start":{"line":292,"column":16},"end":{"line":294,"column":19}},"41":{"start":{"line":293,"column":20},"end":{"line":293,"column":95}},"42":{"start":{"line":300,"column":12},"end":{"line":305,"column":13}},"43":{"start":{"line":300,"column":33},"end":{"line":300,"column":58}},"44":{"start":{"line":302,"column":16},"end":{"line":304,"column":19}},"45":{"start":{"line":303,"column":20},"end":{"line":303,"column":45}},"46":{"start":{"line":328,"column":12},"end":{"line":335,"column":13}},"47":{"start":{"line":328,"column":35},"end":{"line":328,"column":77}},"48":{"start":{"line":330,"column":16},"end":{"line":334,"column":19}},"49":{"start":{"line":331,"column":20},"end":{"line":331,"column":52}},"50":{"start":{"line":333,"column":20},"end":{"line":333,"column":56}},"51":{"start":{"line":360,"column":12},"end":{"line":360,"column":93}},"52":{"start":{"line":362,"column":12},"end":{"line":362,"column":24}},"53":{"start":{"line":383,"column":12},"end":{"line":383,"column":68}},"54":{"start":{"line":385,"column":12},"end":{"line":385,"column":24}},"55":{"start":{"line":406,"column":12},"end":{"line":406,"column":102}},"56":{"start":{"line":408,"column":12},"end":{"line":408,"column":24}},"57":{"start":{"line":443,"column":12},"end":{"line":443,"column":189}},"58":{"start":{"line":443,"column":59},"end":{"line":443,"column":189}},"59":{"start":{"line":446,"column":12},"end":{"line":446,"column":90}},"60":{"start":{"line":446,"column":56},"end":{"line":446,"column":90}},"61":{"start":{"line":449,"column":12},"end":{"line":449,"column":48}},"62":{"start":{"line":452,"column":12},"end":{"line":452,"column":78}},"63":{"start":{"line":452,"column":53},"end":{"line":452,"column":78}},"64":{"start":{"line":454,"column":12},"end":{"line":454,"column":24}},"65":{"start":{"line":475,"column":12},"end":{"line":479,"column":13}},"66":{"start":{"line":475,"column":107},"end":{"line":475,"column":247}},"67":{"start":{"line":477,"column":16},"end":{"line":478,"column":77}},"68":{"start":{"line":477,"column":56},"end":{"line":477,"column":92}},"69":{"start":{"line":478,"column":21},"end":{"line":478,"column":77}},"70":{"start":{"line":501,"column":12},"end":{"line":501,"column":31}},"71":{"start":{"line":529,"column":12},"end":{"line":534,"column":47}},"72":{"start":{"line":552,"column":12},"end":{"line":580,"column":13}},"73":{"start":{"line":556,"column":16},"end":{"line":579,"column":17}},"74":{"start":{"line":556,"column":55},"end":{"line":556,"column":67}},"75":{"start":{"line":561,"column":21},"end":{"line":579,"column":17}},"76":{"start":{"line":564,"column":20},"end":{"line":578,"column":21}},"77":{"start":{"line":568,"column":24},"end":{"line":568,"column":91}},"78":{"start":{"line":568,"column":79},"end":{"line":568,"column":91}},"79":{"start":{"line":577,"column":24},"end":{"line":577,"column":75}},"80":{"start":{"line":577,"column":63},"end":{"line":577,"column":75}},"81":{"start":{"line":582,"column":12},"end":{"line":582,"column":25}},"82":{"start":{"line":601,"column":12},"end":{"line":637,"column":13}},"83":{"start":{"line":604,"column":16},"end":{"line":604,"column":48}},"84":{"start":{"line":606,"column":16},"end":{"line":636,"column":230}},"85":{"start":{"line":609,"column":20},"end":{"line":627,"column":236}},"86":{"start":{"line":609,"column":89},"end":{"line":609,"column":101}},"87":{"start":{"line":612,"column":25},"end":{"line":627,"column":236}},"88":{"start":{"line":615,"column":24},"end":{"line":624,"column":109}},"89":{"start":{"line":615,"column":43},"end":{"line":615,"column":55}},"90":{"start":{"line":618,"column":29},"end":{"line":624,"column":109}},"91":{"start":{"line":618,"column":50},"end":{"line":618,"column":62}},"92":{"start":{"line":621,"column":29},"end":{"line":624,"column":109}},"93":{"start":{"line":621,"column":71},"end":{"line":621,"column":83}},"94":{"start":{"line":624,"column":29},"end":{"line":624,"column":109}},"95":{"start":{"line":624,"column":97},"end":{"line":624,"column":109}},"96":{"start":{"line":627,"column":25},"end":{"line":627,"column":236}},"97":{"start":{"line":629,"column":21},"end":{"line":636,"column":230}},"98":{"start":{"line":632,"column":20},"end":{"line":632,"column":73}},"99":{"start":{"line":632,"column":61},"end":{"line":632,"column":73}},"100":{"start":{"line":636,"column":21},"end":{"line":636,"column":230}},"101":{"start":{"line":639,"column":12},"end":{"line":639,"column":25}},"102":{"start":{"line":660,"column":12},"end":{"line":664,"column":13}},"103":{"start":{"line":661,"column":16},"end":{"line":663,"column":17}},"104":{"start":{"line":662,"column":20},"end":{"line":662,"column":65}},"105":{"start":{"line":662,"column":53},"end":{"line":662,"column":65}},"106":{"start":{"line":666,"column":12},"end":{"line":666,"column":25}},"107":{"start":{"line":687,"column":12},"end":{"line":691,"column":13}},"108":{"start":{"line":688,"column":16},"end":{"line":690,"column":17}},"109":{"start":{"line":689,"column":20},"end":{"line":689,"column":70}},"110":{"start":{"line":689,"column":58},"end":{"line":689,"column":70}},"111":{"start":{"line":693,"column":12},"end":{"line":693,"column":25}},"112":{"start":{"line":724,"column":12},"end":{"line":724,"column":66}},"113":{"start":{"line":728,"column":12},"end":{"line":736,"column":13}},"114":{"start":{"line":729,"column":16},"end":{"line":735,"column":19}},"115":{"start":{"line":730,"column":20},"end":{"line":730,"column":69}},"116":{"start":{"line":734,"column":20},"end":{"line":734,"column":99}},"117":{"start":{"line":734,"column":61},"end":{"line":734,"column":99}},"118":{"start":{"line":740,"column":12},"end":{"line":744,"column":13}},"119":{"start":{"line":741,"column":16},"end":{"line":743,"column":19}},"120":{"start":{"line":742,"column":20},"end":{"line":742,"column":58}},"121":{"start":{"line":747,"column":12},"end":{"line":747,"column":24}},"122":{"start":{"line":774,"column":12},"end":{"line":774,"column":219}},"123":{"start":{"line":774,"column":65},"end":{"line":774,"column":219}},"124":{"start":{"line":779,"column":12},"end":{"line":779,"column":82}},"125":{"start":{"line":782,"column":12},"end":{"line":782,"column":50}},"126":{"start":{"line":784,"column":12},"end":{"line":784,"column":24}}},"branchMap":{"1":{"line":155,"type":"if","locations":[{"start":{"line":155,"column":20},"end":{"line":155,"column":20}},{"start":{"line":155,"column":20},"end":{"line":155,"column":20}}]},"2":{"line":167,"type":"if","locations":[{"start":{"line":167,"column":28},"end":{"line":167,"column":28}},{"start":{"line":167,"column":28},"end":{"line":167,"column":28}}]},"3":{"line":171,"type":"if","locations":[{"start":{"line":171,"column":32},"end":{"line":171,"column":32}},{"start":{"line":171,"column":32},"end":{"line":171,"column":32}}]},"4":{"line":180,"type":"cond-expr","locations":[{"start":{"line":180,"column":63},"end":{"line":180,"column":81}},{"start":{"line":180,"column":84},"end":{"line":180,"column":102}}]},"5":{"line":193,"type":"if","locations":[{"start":{"line":193,"column":16},"end":{"line":193,"column":16}},{"start":{"line":193,"column":16},"end":{"line":193,"column":16}}]},"6":{"line":196,"type":"if","locations":[{"start":{"line":196,"column":16},"end":{"line":196,"column":16}},{"start":{"line":196,"column":16},"end":{"line":196,"column":16}}]},"7":{"line":269,"type":"if","locations":[{"start":{"line":269,"column":16},"end":{"line":269,"column":16}},{"start":{"line":269,"column":16},"end":{"line":269,"column":16}}]},"8":{"line":269,"type":"binary-expr","locations":[{"start":{"line":269,"column":20},"end":{"line":269,"column":38}},{"start":{"line":269,"column":42},"end":{"line":269,"column":79}},{"start":{"line":269,"column":83},"end":{"line":269,"column":105}}]},"9":{"line":272,"type":"if","locations":[{"start":{"line":272,"column":28},"end":{"line":272,"column":28}},{"start":{"line":272,"column":28},"end":{"line":272,"column":28}}]},"10":{"line":282,"type":"if","locations":[{"start":{"line":282,"column":12},"end":{"line":282,"column":12}},{"start":{"line":282,"column":12},"end":{"line":282,"column":12}}]},"11":{"line":291,"type":"if","locations":[{"start":{"line":291,"column":12},"end":{"line":291,"column":12}},{"start":{"line":291,"column":12},"end":{"line":291,"column":12}}]},"12":{"line":300,"type":"if","locations":[{"start":{"line":300,"column":12},"end":{"line":300,"column":12}},{"start":{"line":300,"column":12},"end":{"line":300,"column":12}}]},"13":{"line":328,"type":"if","locations":[{"start":{"line":328,"column":12},"end":{"line":328,"column":12}},{"start":{"line":328,"column":12},"end":{"line":328,"column":12}}]},"14":{"line":406,"type":"binary-expr","locations":[{"start":{"line":406,"column":47},"end":{"line":406,"column":69}},{"start":{"line":406,"column":73},"end":{"line":406,"column":88}}]},"15":{"line":443,"type":"if","locations":[{"start":{"line":443,"column":12},"end":{"line":443,"column":12}},{"start":{"line":443,"column":12},"end":{"line":443,"column":12}}]},"16":{"line":446,"type":"if","locations":[{"start":{"line":446,"column":12},"end":{"line":446,"column":12}},{"start":{"line":446,"column":12},"end":{"line":446,"column":12}}]},"17":{"line":452,"type":"if","locations":[{"start":{"line":452,"column":12},"end":{"line":452,"column":12}},{"start":{"line":452,"column":12},"end":{"line":452,"column":12}}]},"18":{"line":475,"type":"if","locations":[{"start":{"line":475,"column":12},"end":{"line":475,"column":12}},{"start":{"line":475,"column":12},"end":{"line":475,"column":12}}]},"19":{"line":475,"type":"binary-expr","locations":[{"start":{"line":475,"column":16},"end":{"line":475,"column":57}},{"start":{"line":475,"column":61},"end":{"line":475,"column":105}}]},"20":{"line":477,"type":"if","locations":[{"start":{"line":477,"column":16},"end":{"line":477,"column":16}},{"start":{"line":477,"column":16},"end":{"line":477,"column":16}}]},"21":{"line":478,"type":"binary-expr","locations":[{"start":{"line":478,"column":28},"end":{"line":478,"column":44}},{"start":{"line":478,"column":48},"end":{"line":478,"column":76}}]},"22":{"line":529,"type":"binary-expr","locations":[{"start":{"line":529,"column":19},"end":{"line":529,"column":32}},{"start":{"line":530,"column":19},"end":{"line":530,"column":31}},{"start":{"line":531,"column":19},"end":{"line":531,"column":40}},{"start":{"line":532,"column":19},"end":{"line":532,"column":44}},{"start":{"line":533,"column":19},"end":{"line":533,"column":42}},{"start":{"line":534,"column":19},"end":{"line":534,"column":46}}]},"23":{"line":556,"type":"if","locations":[{"start":{"line":556,"column":16},"end":{"line":556,"column":16}},{"start":{"line":556,"column":16},"end":{"line":556,"column":16}}]},"24":{"line":561,"type":"if","locations":[{"start":{"line":561,"column":21},"end":{"line":561,"column":21}},{"start":{"line":561,"column":21},"end":{"line":561,"column":21}}]},"25":{"line":564,"type":"if","locations":[{"start":{"line":564,"column":20},"end":{"line":564,"column":20}},{"start":{"line":564,"column":20},"end":{"line":564,"column":20}}]},"26":{"line":568,"type":"if","locations":[{"start":{"line":568,"column":24},"end":{"line":568,"column":24}},{"start":{"line":568,"column":24},"end":{"line":568,"column":24}}]},"27":{"line":577,"type":"if","locations":[{"start":{"line":577,"column":24},"end":{"line":577,"column":24}},{"start":{"line":577,"column":24},"end":{"line":577,"column":24}}]},"28":{"line":606,"type":"if","locations":[{"start":{"line":606,"column":16},"end":{"line":606,"column":16}},{"start":{"line":606,"column":16},"end":{"line":606,"column":16}}]},"29":{"line":609,"type":"if","locations":[{"start":{"line":609,"column":20},"end":{"line":609,"column":20}},{"start":{"line":609,"column":20},"end":{"line":609,"column":20}}]},"30":{"line":609,"type":"binary-expr","locations":[{"start":{"line":609,"column":24},"end":{"line":609,"column":61}},{"start":{"line":609,"column":65},"end":{"line":609,"column":87}}]},"31":{"line":612,"type":"if","locations":[{"start":{"line":612,"column":25},"end":{"line":612,"column":25}},{"start":{"line":612,"column":25},"end":{"line":612,"column":25}}]},"32":{"line":612,"type":"binary-expr","locations":[{"start":{"line":612,"column":29},"end":{"line":612,"column":66}},{"start":{"line":612,"column":70},"end":{"line":612,"column":92}}]},"33":{"line":615,"type":"if","locations":[{"start":{"line":615,"column":24},"end":{"line":615,"column":24}},{"start":{"line":615,"column":24},"end":{"line":615,"column":24}}]},"34":{"line":618,"type":"if","locations":[{"start":{"line":618,"column":29},"end":{"line":618,"column":29}},{"start":{"line":618,"column":29},"end":{"line":618,"column":29}}]},"35":{"line":621,"type":"if","locations":[{"start":{"line":621,"column":29},"end":{"line":621,"column":29}},{"start":{"line":621,"column":29},"end":{"line":621,"column":29}}]},"36":{"line":624,"type":"if","locations":[{"start":{"line":624,"column":29},"end":{"line":624,"column":29}},{"start":{"line":624,"column":29},"end":{"line":624,"column":29}}]},"37":{"line":629,"type":"if","locations":[{"start":{"line":629,"column":21},"end":{"line":629,"column":21}},{"start":{"line":629,"column":21},"end":{"line":629,"column":21}}]},"38":{"line":629,"type":"binary-expr","locations":[{"start":{"line":629,"column":25},"end":{"line":629,"column":46}},{"start":{"line":629,"column":50},"end":{"line":629,"column":66}}]},"39":{"line":632,"type":"if","locations":[{"start":{"line":632,"column":20},"end":{"line":632,"column":20}},{"start":{"line":632,"column":20},"end":{"line":632,"column":20}}]},"40":{"line":660,"type":"if","locations":[{"start":{"line":660,"column":12},"end":{"line":660,"column":12}},{"start":{"line":660,"column":12},"end":{"line":660,"column":12}}]},"41":{"line":662,"type":"if","locations":[{"start":{"line":662,"column":20},"end":{"line":662,"column":20}},{"start":{"line":662,"column":20},"end":{"line":662,"column":20}}]},"42":{"line":687,"type":"if","locations":[{"start":{"line":687,"column":12},"end":{"line":687,"column":12}},{"start":{"line":687,"column":12},"end":{"line":687,"column":12}}]},"43":{"line":689,"type":"if","locations":[{"start":{"line":689,"column":20},"end":{"line":689,"column":20}},{"start":{"line":689,"column":20},"end":{"line":689,"column":20}}]},"44":{"line":728,"type":"if","locations":[{"start":{"line":728,"column":12},"end":{"line":728,"column":12}},{"start":{"line":728,"column":12},"end":{"line":728,"column":12}}]},"45":{"line":734,"type":"if","locations":[{"start":{"line":734,"column":20},"end":{"line":734,"column":20}},{"start":{"line":734,"column":20},"end":{"line":734,"column":20}}]},"46":{"line":740,"type":"if","locations":[{"start":{"line":740,"column":12},"end":{"line":740,"column":12}},{"start":{"line":740,"column":12},"end":{"line":740,"column":12}}]},"47":{"line":774,"type":"if","locations":[{"start":{"line":774,"column":12},"end":{"line":774,"column":12}},{"start":{"line":774,"column":12},"end":{"line":774,"column":12}}]}}},"/home/em/dev/ee/related/src/AsyncEventEmitter.js":{"path":"/home/em/dev/ee/related/src/AsyncEventEmitter.js","s":{"1":1,"2":1,"3":1,"4":1,"5":1,"6":1,"7":1,"8":0,"9":0,"10":0,"11":0,"12":0,"13":0,"14":1,"15":0,"16":0,"17":0,"18":0,"19":0,"20":0,"21":0,"22":0,"23":0,"24":0,"25":0,"26":0,"27":0,"28":0,"29":2,"30":0,"31":2,"32":2,"33":2,"34":0,"35":2,"36":0,"37":2,"38":0,"39":0,"40":0,"41":2},"b":{"1":[0,0],"2":[0,0],"3":[0,0],"4":[0,0],"5":[0,0],"6":[0,0],"7":[0,0],"8":[0,0],"9":[0,0],"10":[0,2],"11":[0,2],"12":[0,2],"13":[0,2]},"f":{"1":1,"2":0,"3":0,"4":0,"5":0,"6":2},"fnMap":{"1":{"name":"(anonymous_1)","line":1,"loc":{"start":{"line":1,"column":1},"end":{"line":1,"column":12}}},"2":{"name":"(anonymous_2)","line":49,"loc":{"start":{"line":49,"column":27},"end":{"line":49,"column":66}}},"3":{"name":"(anonymous_3)","line":80,"loc":{"start":{"line":80,"column":14},"end":{"line":80,"column":50}}},"4":{"name":"(anonymous_4)","line":109,"loc":{"start":{"line":109,"column":16},"end":{"line":109,"column":46}}},"5":{"name":"(anonymous_5)","line":130,"loc":{"start":{"line":130,"column":15},"end":{"line":130,"column":45}}},"6":{"name":"(anonymous_6)","line":159,"loc":{"start":{"line":159,"column":16},"end":{"line":159,"column":53}}}},"statementMap":{"1":{"start":{"line":1,"column":0},"end":{"line":198,"column":5}},"2":{"start":{"line":5,"column":4},"end":{"line":5,"column":42}},"3":{"start":{"line":6,"column":4},"end":{"line":6,"column":42}},"4":{"start":{"line":7,"column":4},"end":{"line":7,"column":40}},"5":{"start":{"line":10,"column":4},"end":{"line":10,"column":62}},"6":{"start":{"line":22,"column":4},"end":{"line":35,"column":7}},"7":{"start":{"line":49,"column":4},"end":{"line":57,"column":5}},"8":{"start":{"line":50,"column":8},"end":{"line":56,"column":48}},"9":{"start":{"line":51,"column":12},"end":{"line":54,"column":15}},"10":{"start":{"line":52,"column":16},"end":{"line":53,"column":77}},"11":{"start":{"line":52,"column":75},"end":{"line":52,"column":110}},"12":{"start":{"line":53,"column":21},"end":{"line":53,"column":77}},"13":{"start":{"line":56,"column":13},"end":{"line":56,"column":48}},"14":{"start":{"line":65,"column":4},"end":{"line":197,"column":7}},"15":{"start":{"line":81,"column":12},"end":{"line":91,"column":13}},"16":{"start":{"line":81,"column":45},"end":{"line":81,"column":111}},"17":{"start":{"line":83,"column":16},"end":{"line":83,"column":95}},"18":{"start":{"line":83,"column":53},"end":{"line":83,"column":95}},"19":{"start":{"line":85,"column":16},"end":{"line":88,"column":19}},"20":{"start":{"line":90,"column":16},"end":{"line":90,"column":28}},"21":{"start":{"line":110,"column":12},"end":{"line":110,"column":54}},"22":{"start":{"line":131,"column":12},"end":{"line":139,"column":13}},"23":{"start":{"line":131,"column":45},"end":{"line":131,"column":111}},"24":{"start":{"line":133,"column":16},"end":{"line":136,"column":17}},"25":{"start":{"line":134,"column":20},"end":{"line":135,"column":59}},"26":{"start":{"line":134,"column":34},"end":{"line":134,"column":67}},"27":{"start":{"line":135,"column":25},"end":{"line":135,"column":59}},"28":{"start":{"line":138,"column":16},"end":{"line":138,"column":28}},"29":{"start":{"line":160,"column":12},"end":{"line":195,"column":13}},"30":{"start":{"line":160,"column":45},"end":{"line":160,"column":128}},"31":{"start":{"line":164,"column":16},"end":{"line":164,"column":89}},"32":{"start":{"line":167,"column":16},"end":{"line":167,"column":35}},"33":{"start":{"line":170,"column":16},"end":{"line":175,"column":17}},"34":{"start":{"line":171,"column":20},"end":{"line":174,"column":23}},"35":{"start":{"line":179,"column":16},"end":{"line":181,"column":17}},"36":{"start":{"line":180,"column":20},"end":{"line":180,"column":109}},"37":{"start":{"line":184,"column":16},"end":{"line":194,"column":51}},"38":{"start":{"line":186,"column":20},"end":{"line":186,"column":80}},"39":{"start":{"line":190,"column":20},"end":{"line":192,"column":23}},"40":{"start":{"line":191,"column":24},"end":{"line":191,"column":71}},"41":{"start":{"line":194,"column":21},"end":{"line":194,"column":51}}},"branchMap":{"1":{"line":50,"type":"if","locations":[{"start":{"line":50,"column":8},"end":{"line":50,"column":8}},{"start":{"line":50,"column":8},"end":{"line":50,"column":8}}]},"2":{"line":52,"type":"if","locations":[{"start":{"line":52,"column":16},"end":{"line":52,"column":16}},{"start":{"line":52,"column":16},"end":{"line":52,"column":16}}]},"3":{"line":52,"type":"binary-expr","locations":[{"start":{"line":52,"column":20},"end":{"line":52,"column":47}},{"start":{"line":52,"column":51},"end":{"line":52,"column":73}}]},"4":{"line":81,"type":"if","locations":[{"start":{"line":81,"column":12},"end":{"line":81,"column":12}},{"start":{"line":81,"column":12},"end":{"line":81,"column":12}}]},"5":{"line":83,"type":"if","locations":[{"start":{"line":83,"column":16},"end":{"line":83,"column":16}},{"start":{"line":83,"column":16},"end":{"line":83,"column":16}}]},"6":{"line":86,"type":"cond-expr","locations":[{"start":{"line":86,"column":35},"end":{"line":86,"column":41}},{"start":{"line":86,"column":44},"end":{"line":86,"column":48}}]},"7":{"line":131,"type":"if","locations":[{"start":{"line":131,"column":12},"end":{"line":131,"column":12}},{"start":{"line":131,"column":12},"end":{"line":131,"column":12}}]},"8":{"line":133,"type":"if","locations":[{"start":{"line":133,"column":16},"end":{"line":133,"column":16}},{"start":{"line":133,"column":16},"end":{"line":133,"column":16}}]},"9":{"line":134,"type":"if","locations":[{"start":{"line":134,"column":20},"end":{"line":134,"column":20}},{"start":{"line":134,"column":20},"end":{"line":134,"column":20}}]},"10":{"line":160,"type":"if","locations":[{"start":{"line":160,"column":12},"end":{"line":160,"column":12}},{"start":{"line":160,"column":12},"end":{"line":160,"column":12}}]},"11":{"line":170,"type":"if","locations":[{"start":{"line":170,"column":16},"end":{"line":170,"column":16}},{"start":{"line":170,"column":16},"end":{"line":170,"column":16}}]},"12":{"line":179,"type":"if","locations":[{"start":{"line":179,"column":16},"end":{"line":179,"column":16}},{"start":{"line":179,"column":16},"end":{"line":179,"column":16}}]},"13":{"line":184,"type":"if","locations":[{"start":{"line":184,"column":16},"end":{"line":184,"column":16}},{"start":{"line":184,"column":16},"end":{"line":184,"column":16}}]}}},"/home/em/dev/ee/related/src/AsyncEventEmitterParameters.js":{"path":"/home/em/dev/ee/related/src/AsyncEventEmitterParameters.js","s":{"1":1,"2":1,"3":1,"4":1,"5":1,"6":0,"7":0,"8":0,"9":0,"10":0,"11":0,"12":0,"13":0,"14":0,"15":0,"16":0,"17":0},"b":{"1":[0,0]},"f":{"1":1,"2":0,"3":0,"4":0,"5":0,"6":0},"fnMap":{"1":{"name":"(anonymous_1)","line":1,"loc":{"start":{"line":1,"column":1},"end":{"line":1,"column":12}}},"2":{"name":"(anonymous_2)","line":30,"loc":{"start":{"line":30,"column":16},"end":{"line":30,"column":53}}},"3":{"name":"(anonymous_3)","line":49,"loc":{"start":{"line":49,"column":20},"end":{"line":49,"column":31}}},"4":{"name":"(anonymous_4)","line":63,"loc":{"start":{"line":63,"column":25},"end":{"line":63,"column":36}}},"5":{"name":"(anonymous_5)","line":77,"loc":{"start":{"line":77,"column":32},"end":{"line":77,"column":43}}},"6":{"name":"(anonymous_6)","line":92,"loc":{"start":{"line":92,"column":19},"end":{"line":92,"column":30}}}},"statementMap":{"1":{"start":{"line":1,"column":0},"end":{"line":97,"column":5}},"2":{"start":{"line":5,"column":4},"end":{"line":5,"column":42}},"3":{"start":{"line":6,"column":4},"end":{"line":6,"column":42}},"4":{"start":{"line":7,"column":4},"end":{"line":7,"column":40}},"5":{"start":{"line":13,"column":4},"end":{"line":96,"column":7}},"6":{"start":{"line":31,"column":12},"end":{"line":31,"column":39}},"7":{"start":{"line":34,"column":12},"end":{"line":38,"column":13}},"8":{"start":{"line":35,"column":16},"end":{"line":37,"column":19}},"9":{"start":{"line":36,"column":20},"end":{"line":36,"column":53}},"10":{"start":{"line":50,"column":12},"end":{"line":50,"column":36}},"11":{"start":{"line":52,"column":12},"end":{"line":52,"column":37}},"12":{"start":{"line":64,"column":12},"end":{"line":64,"column":41}},"13":{"start":{"line":66,"column":12},"end":{"line":66,"column":37}},"14":{"start":{"line":78,"column":12},"end":{"line":78,"column":36}},"15":{"start":{"line":79,"column":12},"end":{"line":79,"column":41}},"16":{"start":{"line":81,"column":12},"end":{"line":81,"column":37}},"17":{"start":{"line":93,"column":12},"end":{"line":93,"column":37}}},"branchMap":{"1":{"line":34,"type":"if","locations":[{"start":{"line":34,"column":12},"end":{"line":34,"column":12}},{"start":{"line":34,"column":12},"end":{"line":34,"column":12}}]}}},"/home/em/dev/ee/related/src/ModelSet.js":{"path":"/home/em/dev/ee/related/src/ModelSet.js","s":{"1":1,"2":1,"3":1,"4":1,"5":1},"b":{},"f":{"1":1,"2":1},"fnMap":{"1":{"name":"(anonymous_1)","line":1,"loc":{"start":{"line":1,"column":1},"end":{"line":1,"column":12}}},"2":{"name":"(anonymous_2)","line":19,"loc":{"start":{"line":19,"column":14},"end":{"line":19,"column":32}}}},"statementMap":{"1":{"start":{"line":1,"column":0},"end":{"line":26,"column":5}},"2":{"start":{"line":5,"column":4},"end":{"line":5,"column":42}},"3":{"start":{"line":6,"column":4},"end":{"line":6,"column":42}},"4":{"start":{"line":7,"column":4},"end":{"line":7,"column":40}},"5":{"start":{"line":13,"column":4},"end":{"line":25,"column":7}}},"branchMap":{}},"/home/em/dev/ee/related/src/Transaction.js":{"path":"/home/em/dev/ee/related/src/Transaction.js","s":{"1":1,"2":1,"3":1,"4":1,"5":1,"6":1,"7":1},"b":{},"f":{"1":1,"2":1},"fnMap":{"1":{"name":"(anonymous_1)","line":1,"loc":{"start":{"line":1,"column":1},"end":{"line":1,"column":12}}},"2":{"name":"(anonymous_2)","line":19,"loc":{"start":{"line":19,"column":14},"end":{"line":19,"column":45}}}},"statementMap":{"1":{"start":{"line":1,"column":0},"end":{"line":26,"column":5}},"2":{"start":{"line":5,"column":4},"end":{"line":5,"column":42}},"3":{"start":{"line":6,"column":4},"end":{"line":6,"column":42}},"4":{"start":{"line":7,"column":4},"end":{"line":7,"column":40}},"5":{"start":{"line":13,"column":4},"end":{"line":25,"column":7}},"6":{"start":{"line":22,"column":12},"end":{"line":22,"column":60}},"7":{"start":{"line":23,"column":12},"end":{"line":23,"column":64}}},"branchMap":{}}}