TN:
SF:/home/em/dev/ee/related/index.js
FNF:0
FNH:0
DA:4,1
LF:1
LH:1
BRF:0
BRH:0
end_of_record
TN:
SF:/home/em/dev/ee/related/src/Database.js
FN:1,(anonymous_1)
FN:51,(anonymous_2)
FN:79,(anonymous_3)
FN:113,(anonymous_4)
FN:160,(anonymous_5)
FN:203,(anonymous_6)
FN:241,(anonymous_7)
FN:273,(anonymous_8)
FNF:8
FNH:8
FNDA:1,(anonymous_1)
FNDA:17,(anonymous_2)
FNDA:15,(anonymous_3)
FNDA:15,(anonymous_4)
FNDA:14,(anonymous_5)
FNDA:15,(anonymous_6)
FNDA:2,(anonymous_7)
FNDA:2,(anonymous_8)
DA:1,1
DA:5,1
DA:6,1
DA:7,1
DA:8,1
DA:11,1
DA:12,1
DA:13,1
DA:20,1
DA:53,17
DA:56,14
DA:57,14
DA:82,15
DA:87,15
DA:92,15
DA:114,15
DA:119,15
DA:124,15
DA:127,14
DA:131,14
DA:134,14
DA:139,14
DA:163,14
DA:164,70
DA:166,70
DA:172,70
DA:176,70
DA:180,14
DA:204,15
DA:210,2
DA:214,2
DA:218,2
DA:242,2
DA:246,1
DA:249,1
DA:252,1
DA:274,2
LF:37
LH:37
BRDA:53,1,0,14
BRDA:53,1,1,3
BRDA:56,2,0,1
BRDA:56,2,1,13
BRDA:57,3,0,13
BRDA:57,3,1,1
BRDA:127,4,0,0
BRDA:127,4,1,14
BRDA:176,5,0,70
BRDA:176,5,1,0
BRDA:204,6,0,13
BRDA:204,6,1,2
BRDA:210,7,0,2
BRDA:210,7,1,1
BRDA:242,8,0,1
BRDA:242,8,1,1
BRDA:274,9,0,1
BRDA:274,9,1,1
BRF:18
BRH:16
end_of_record
TN:
SF:/home/em/dev/ee/related/src/Config.js
FN:1,(anonymous_1)
FN:25,(anonymous_2)
FN:51,(anonymous_3)
FN:71,(anonymous_4)
FN:91,(anonymous_5)
FN:120,(anonymous_6)
FN:150,(anonymous_7)
FNF:7
FNH:7
FNDA:1,(anonymous_1)
FNDA:15,(anonymous_2)
FNDA:1,(anonymous_3)
FNDA:15,(anonymous_4)
FNDA:1,(anonymous_5)
FNDA:1,(anonymous_6)
FNDA:1,(anonymous_7)
DA:1,1
DA:5,1
DA:6,1
DA:7,1
DA:14,1
DA:28,15
DA:29,15
DA:32,15
DA:52,1
DA:72,15
DA:92,1
DA:94,1
DA:96,1
DA:123,1
DA:124,1
DA:125,1
DA:126,1
DA:128,1
DA:130,1
DA:131,0
DA:133,0
DA:148,1
DA:151,1
LF:23
LH:21
BRDA:28,1,0,0
BRDA:28,1,1,15
BRDA:29,2,0,0
BRDA:29,2,1,15
BRDA:52,3,0,1
BRDA:52,3,1,1
BRDA:72,4,0,15
BRDA:72,4,1,0
BRDA:130,5,0,0
BRDA:130,5,1,1
BRDA:137,6,0,0
BRDA:137,6,1,0
BRDA:138,7,0,0
BRDA:138,7,1,0
BRDA:139,8,0,0
BRDA:139,8,1,0
BRDA:139,8,2,0
BRDA:139,8,3,0
BRDA:140,9,0,0
BRDA:140,9,1,0
BRDA:140,9,2,0
BRDA:140,9,3,0
BRDA:142,10,0,0
BRDA:142,10,1,0
BRDA:143,11,0,0
BRDA:143,11,1,0
BRF:26
BRH:6
end_of_record
TN:
SF:/home/em/dev/ee/related/src/Entity.js
FN:1,(anonymous_1)
FN:24,(anonymous_2)
FN:38,(anonymous_3)
FN:75,(anonymous_4)
FN:82,(anonymous_5)
FN:89,(anonymous_6)
FN:97,(anonymous_7)
FN:113,(anonymous_8)
FN:130,(anonymous_9)
FNF:9
FNH:5
FNDA:1,(anonymous_1)
FNDA:70,(anonymous_2)
FNDA:11,(anonymous_3)
FNDA:0,(anonymous_4)
FNDA:0,(anonymous_5)
FNDA:0,(anonymous_6)
FNDA:0,(anonymous_7)
FNDA:70,(anonymous_8)
FNDA:70,(anonymous_9)
DA:1,1
DA:5,1
DA:6,1
DA:7,1
DA:10,1
DA:11,1
DA:17,1
DA:27,70
DA:28,70
DA:32,70
DA:33,70
DA:38,70
DA:42,11
DA:43,11
DA:46,11
DA:51,11
DA:59,0
DA:66,70
DA:98,0
DA:114,70
DA:131,70
LF:21
LH:19
BRDA:46,1,0,11
BRDA:46,1,1,0
BRF:2
BRH:1
end_of_record
TN:
SF:/home/em/dev/ee/related/src/QueryBuilderGenerator.js
FN:1,(anonymous_1)
FN:19,(anonymous_2)
FNF:2
FNH:2
FNDA:1,(anonymous_1)
FNDA:70,(anonymous_2)
DA:1,1
DA:5,1
DA:6,1
DA:7,1
DA:13,1
DA:22,70
DA:23,70
LF:7
LH:7
BRF:0
BRH:0
end_of_record
TN:
SF:/home/em/dev/ee/related/src/Model.js
FN:1,(anonymous_1)
FN:27,(anonymous_2)
FN:51,init
FN:83,(anonymous_4)
FN:97,(anonymous_5)
FNF:5
FNH:4
FNDA:1,(anonymous_1)
FNDA:70,(anonymous_2)
FNDA:11,init
FNDA:1,(anonymous_4)
FNDA:0,(anonymous_5)
DA:1,1
DA:5,1
DA:6,1
DA:7,1
DA:10,1
DA:11,1
DA:27,1
DA:28,70
DA:31,70
DA:54,11
DA:57,11
DA:62,11
DA:68,11
DA:72,11
DA:81,70
DA:82,28
DA:84,1
DA:85,1
DA:87,1
DA:95,70
DA:96,84
DA:98,0
DA:99,0
DA:101,0
DA:114,70
DA:115,70
DA:120,70
LF:27
LH:24
BRDA:84,1,0,1
BRDA:84,1,1,0
BRDA:85,2,0,1
BRDA:85,2,1,0
BRDA:98,3,0,0
BRDA:98,3,1,0
BRDA:99,4,0,0
BRDA:99,4,1,0
BRDA:114,5,0,0
BRDA:114,5,1,70
BRF:10
BRH:3
end_of_record
TN:
SF:/home/em/dev/ee/related/src/ModelBase.js
FN:1,(anonymous_1)
FN:120,(anonymous_2)
FN:146,(anonymous_3)
FN:217,(anonymous_4)
FN:237,(anonymous_5)
FN:259,(anonymous_6)
FN:327,(anonymous_7)
FN:359,(anonymous_8)
FN:382,(anonymous_9)
FN:405,(anonymous_10)
FN:420,(anonymous_11)
FN:442,(anonymous_12)
FN:474,(anonymous_13)
FN:500,(anonymous_14)
FN:524,(anonymous_15)
FN:551,(anonymous_16)
FN:600,(anonymous_17)
FN:659,(anonymous_18)
FN:686,(anonymous_19)
FN:720,(anonymous_20)
FN:771,(anonymous_21)
FNF:21
FNH:15
FNDA:1,(anonymous_1)
FNDA:11,(anonymous_2)
FNDA:1,(anonymous_3)
FNDA:1,(anonymous_4)
FNDA:0,(anonymous_5)
FNDA:1,(anonymous_6)
FNDA:1,(anonymous_7)
FNDA:0,(anonymous_8)
FNDA:0,(anonymous_9)
FNDA:0,(anonymous_10)
FNDA:0,(anonymous_11)
FNDA:2,(anonymous_12)
FNDA:7,(anonymous_13)
FNDA:8,(anonymous_14)
FNDA:3,(anonymous_15)
FNDA:1,(anonymous_16)
FNDA:1,(anonymous_17)
FNDA:1,(anonymous_18)
FNDA:1,(anonymous_19)
FNDA:5,(anonymous_20)
FNDA:0,(anonymous_21)
DA:1,1
DA:5,1
DA:6,1
DA:7,1
DA:9,1
DA:18,1
DA:89,1
DA:148,1
DA:151,1
DA:155,1
DA:162,1
DA:165,1
DA:167,1
DA:171,1
DA:176,1
DA:180,1
DA:184,0
DA:193,0
DA:194,0
DA:196,1
DA:197,1
DA:261,1
DA:265,1
DA:266,1
DA:269,1
DA:270,0
DA:271,0
DA:272,0
DA:273,0
DA:282,1
DA:283,0
DA:284,0
DA:291,1
DA:292,0
DA:293,0
DA:300,1
DA:302,1
DA:303,1
DA:328,1
DA:330,1
DA:331,1
DA:333,1
DA:360,0
DA:362,0
DA:383,0
DA:385,0
DA:406,0
DA:408,0
DA:443,2
DA:446,2
DA:449,2
DA:452,2
DA:454,2
DA:475,7
DA:477,7
DA:478,4
DA:501,8
DA:529,3
DA:552,1
DA:556,4
DA:561,4
DA:564,3
DA:568,1
DA:577,2
DA:582,1
DA:601,1
DA:604,1
DA:606,1
DA:609,0
DA:612,0
DA:615,0
DA:618,0
DA:621,0
DA:624,0
DA:627,0
DA:629,1
DA:632,1
DA:636,0
DA:639,1
DA:660,1
DA:661,0
DA:662,0
DA:666,1
DA:687,1
DA:688,0
DA:689,0
DA:693,1
DA:724,5
DA:728,5
DA:729,5
DA:730,6
DA:734,6
DA:740,5
DA:741,5
DA:742,5
DA:747,5
DA:774,0
DA:779,0
DA:782,0
DA:784,0
LF:100
LH:67
BRDA:155,1,0,0
BRDA:155,1,1,1
BRDA:167,2,0,0
BRDA:167,2,1,1
BRDA:171,3,0,0
BRDA:171,3,1,1
BRDA:180,4,0,1
BRDA:180,4,1,0
BRDA:193,5,0,0
BRDA:193,5,1,0
BRDA:196,6,0,0
BRDA:196,6,1,1
BRDA:269,7,0,0
BRDA:269,7,1,1
BRDA:269,8,0,1
BRDA:269,8,1,0
BRDA:269,8,2,0
BRDA:272,9,0,0
BRDA:272,9,1,0
BRDA:282,10,0,0
BRDA:282,10,1,1
BRDA:291,11,0,0
BRDA:291,11,1,1
BRDA:300,12,0,0
BRDA:300,12,1,1
BRDA:328,13,0,0
BRDA:328,13,1,1
BRDA:406,14,0,0
BRDA:406,14,1,0
BRDA:443,15,0,0
BRDA:443,15,1,2
BRDA:446,16,0,2
BRDA:446,16,1,0
BRDA:452,17,0,1
BRDA:452,17,1,1
BRDA:475,18,0,0
BRDA:475,18,1,7
BRDA:475,19,0,7
BRDA:475,19,1,1
BRDA:477,20,0,3
BRDA:477,20,1,4
BRDA:478,21,0,4
BRDA:478,21,1,1
BRDA:529,22,0,3
BRDA:529,22,1,3
BRDA:529,22,2,1
BRDA:529,22,3,1
BRDA:529,22,4,1
BRDA:529,22,5,1
BRDA:556,23,0,0
BRDA:556,23,1,4
BRDA:561,24,0,3
BRDA:561,24,1,1
BRDA:564,25,0,1
BRDA:564,25,1,2
BRDA:568,26,0,0
BRDA:568,26,1,1
BRDA:577,27,0,0
BRDA:577,27,1,2
BRDA:606,28,0,0
BRDA:606,28,1,1
BRDA:609,29,0,0
BRDA:609,29,1,0
BRDA:609,30,0,0
BRDA:609,30,1,0
BRDA:612,31,0,0
BRDA:612,31,1,0
BRDA:612,32,0,0
BRDA:612,32,1,0
BRDA:615,33,0,0
BRDA:615,33,1,0
BRDA:618,34,0,0
BRDA:618,34,1,0
BRDA:621,35,0,0
BRDA:621,35,1,0
BRDA:624,36,0,0
BRDA:624,36,1,0
BRDA:629,37,0,1
BRDA:629,37,1,0
BRDA:629,38,0,1
BRDA:629,38,1,0
BRDA:632,39,0,0
BRDA:632,39,1,1
BRDA:660,40,0,0
BRDA:660,40,1,1
BRDA:662,41,0,0
BRDA:662,41,1,0
BRDA:687,42,0,0
BRDA:687,42,1,1
BRDA:689,43,0,0
BRDA:689,43,1,0
BRDA:728,44,0,5
BRDA:728,44,1,0
BRDA:734,45,0,4
BRDA:734,45,1,2
BRDA:740,46,0,5
BRDA:740,46,1,0
BRDA:774,47,0,0
BRDA:774,47,1,0
BRF:99
BRH:45
end_of_record
TN:
SF:/home/em/dev/ee/related/src/AsyncEventEmitter.js
FN:1,(anonymous_1)
FN:49,(anonymous_2)
FN:80,(anonymous_3)
FN:109,(anonymous_4)
FN:130,(anonymous_5)
FN:159,(anonymous_6)
FNF:6
FNH:2
FNDA:1,(anonymous_1)
FNDA:0,(anonymous_2)
FNDA:0,(anonymous_3)
FNDA:0,(anonymous_4)
FNDA:0,(anonymous_5)
FNDA:2,(anonymous_6)
DA:1,1
DA:5,1
DA:6,1
DA:7,1
DA:10,1
DA:22,1
DA:49,1
DA:50,0
DA:51,0
DA:52,0
DA:53,0
DA:56,0
DA:65,1
DA:81,0
DA:83,0
DA:85,0
DA:90,0
DA:110,0
DA:131,0
DA:133,0
DA:134,0
DA:135,0
DA:138,0
DA:160,2
DA:164,2
DA:167,2
DA:170,2
DA:171,0
DA:179,2
DA:180,0
DA:184,2
DA:186,0
DA:190,0
DA:191,0
DA:194,2
LF:35
LH:15
BRDA:50,1,0,0
BRDA:50,1,1,0
BRDA:52,2,0,0
BRDA:52,2,1,0
BRDA:52,3,0,0
BRDA:52,3,1,0
BRDA:81,4,0,0
BRDA:81,4,1,0
BRDA:83,5,0,0
BRDA:83,5,1,0
BRDA:86,6,0,0
BRDA:86,6,1,0
BRDA:131,7,0,0
BRDA:131,7,1,0
BRDA:133,8,0,0
BRDA:133,8,1,0
BRDA:134,9,0,0
BRDA:134,9,1,0
BRDA:160,10,0,0
BRDA:160,10,1,2
BRDA:170,11,0,0
BRDA:170,11,1,2
BRDA:179,12,0,0
BRDA:179,12,1,2
BRDA:184,13,0,0
BRDA:184,13,1,2
BRF:26
BRH:4
end_of_record
TN:
SF:/home/em/dev/ee/related/src/AsyncEventEmitterParameters.js
FN:1,(anonymous_1)
FN:30,(anonymous_2)
FN:49,(anonymous_3)
FN:63,(anonymous_4)
FN:77,(anonymous_5)
FN:92,(anonymous_6)
FNF:6
FNH:1
FNDA:1,(anonymous_1)
FNDA:0,(anonymous_2)
FNDA:0,(anonymous_3)
FNDA:0,(anonymous_4)
FNDA:0,(anonymous_5)
FNDA:0,(anonymous_6)
DA:1,1
DA:5,1
DA:6,1
DA:7,1
DA:13,1
DA:31,0
DA:34,0
DA:35,0
DA:36,0
DA:50,0
DA:52,0
DA:64,0
DA:66,0
DA:78,0
DA:79,0
DA:81,0
DA:93,0
LF:17
LH:5
BRDA:34,1,0,0
BRDA:34,1,1,0
BRF:2
BRH:0
end_of_record
TN:
SF:/home/em/dev/ee/related/src/ModelSet.js
FN:1,(anonymous_1)
FN:19,(anonymous_2)
FNF:2
FNH:2
FNDA:1,(anonymous_1)
FNDA:1,(anonymous_2)
DA:1,1
DA:5,1
DA:6,1
DA:7,1
DA:13,1
LF:5
LH:5
BRF:0
BRH:0
end_of_record
TN:
SF:/home/em/dev/ee/related/src/Transaction.js
FN:1,(anonymous_1)
FN:19,(anonymous_2)
FNF:2
FNH:2
FNDA:1,(anonymous_1)
FNDA:1,(anonymous_2)
DA:1,1
DA:5,1
DA:6,1
DA:7,1
DA:13,1
DA:22,1
DA:23,1
LF:7
LH:7
BRF:0
BRH:0
end_of_record
